<?xml version="1.0" encoding="UTF-8" ?>
<testsuite errors="0" failures="0" hostname="Home" name="test.model.data.managers.ManagersAllTestSuite" skipped="0" tests="3" time="0.187" timestamp="2020-07-06T07:56:42">
  <properties>
[...]
</properties>
  <testcase classname="test.model.data.managers.DatumsManagerTest" name="aktuellesDatumTest" time="0.0" />
  <testcase classname="test.model.data.managers.DoubleManagerTest" name="roundTest" time="0.0" />
  <testcase classname="test.model.data.managers.PasswortManagerTest" name="generateHashTest" time="0.0" />
  <system-out><![CDATA[2020-07-06
06.07.2020
2020-07-01
]]></system-out>
  <system-err><![CDATA[]]></system-err>
</testsuite>
